<?xml version="1.0" encoding="UTF-8"?>
<testsuite errors="0" failures="0" name="Tests.test_PythonTestRun.PythonOrgSearch-20150902114759" tests="1" time="9.811">
	<properties/>
	<system-out>
<![CDATA[Opening Chrome
Navigating to http://www.python.org
Set value by name : q
]]>	</system-out>
	<system-err>
<![CDATA[]]>	</system-err>
	<testcase classname="Tests.test_PythonTestRun.PythonOrgSearch" name="test_search_in_python_org" time="9.811"/>
</testsuite>
